\BOOKMARK [0][-]{chapter.1}{\376\377\000S\036\320\000\040\000G\036\246\000N\000\040\001\020\000\332\000N\000G\000\040\000V\000\300\000\040\000S\000A\000I\000\040\000S\036\320}{}% 1
\BOOKMARK [1][-]{section.1.1}{\376\377\000N\000h\036\357\000n\000g\000\040\000k\000h\000\341\000i\000\040\000n\000i\036\307\000m\000\040\000c\001\241\000\040\000b\036\243\000n\000.}{chapter.1}% 2
\BOOKMARK [1][-]{section.1.2}{\376\377\000B\000i\036\303\000u\000\040\000d\000i\036\305\000n\000\040\000s\036\321\000\040\000t\000h\036\255\000p\000\040\000p\000h\000\342\000n\000.}{chapter.1}% 3
\BOOKMARK [2][-]{subsection.1.2.1}{\376\377\000C\000h\036\357\000\040\000s\036\321\000\040\000c\000\363\000\040\000n\000g\000h\001\051\000a\000.}{section.1.2}% 4
\BOOKMARK [2][-]{subsection.1.2.2}{\376\377\000S\036\361\000\040\000l\000\340\000m\000\040\000t\000r\000\362\000n\000\040\000s\036\321\000\040\000t\000r\000o\000n\000g\000\040\000b\036\245\000t\000\040\001\021\036\263\000n\000g\000\040\000t\000h\036\351\000c\000.}{section.1.2}% 5
\BOOKMARK [2][-]{subsection.1.2.3}{\376\377\000C\000h\036\357\000\040\000s\036\321\000\040\001\021\000\341\000n\000g\000\040\000t\000i\000n\000.}{section.1.2}% 6
\BOOKMARK [2][-]{subsection.1.2.4}{\376\377\000C\000\341\000c\000h\000\040\000v\000i\036\277\000t\000\040\000s\036\321\000\040\000g\036\247\000n\000\040\001\021\000\372\000n\000g\000.}{section.1.2}% 7
\BOOKMARK [1][-]{section.1.3}{\376\377\000C\000\364\000n\000g\000\040\000t\000h\000\372\000c\000\040\000t\036\325\000n\000g\000\040\000q\000u\000\341\000t\000\040\000c\036\347\000a\000\040\000s\000a\000i\000\040\000s\036\321\000.}{chapter.1}% 8
\BOOKMARK [2][-]{subsection.1.3.1}{\376\377\000S\000a\000i\000\040\000s\036\321\000\040\000c\036\347\000a\000\040\000t\036\325\000n\000g\000\040\001\021\036\241\000i\000\040\000s\036\321\000.}{section.1.3}% 9
\BOOKMARK [2][-]{subsection.1.3.2}{\376\377\000S\000a\000i\000\040\000s\036\321\000\040\000c\036\347\000a\000\040\000t\000\355\000c\000h\000.}{section.1.3}% 10
\BOOKMARK [0][-]{chapter.2}{\376\377\000P\000H\001\257\001\240\000N\000G\000\040\000T\000R\000\314\000N\000H\000\040\000P\000H\000I\000\040\000T\000U\000Y\036\276\000N}{}% 11
\BOOKMARK [1][-]{section.2.1}{\376\377\000K\000h\000o\036\243\000n\000g\000\040\000c\000\341\000c\000h\000\040\000l\000y\000\040\000n\000g\000h\000i\036\307\000m\000.}{chapter.2}% 12
\BOOKMARK [1][-]{section.2.2}{\376\377\000P\000h\001\260\001\241\000n\000g\000\040\000p\000h\000\341\000p\000\040\000c\000h\000i\000a\000\040\001\021\000\364\000i\000.}{chapter.2}% 13
\BOOKMARK [1][-]{section.2.3}{\376\377\000P\000h\001\260\001\241\000n\000g\000\040\000p\000h\000\341\000p\000\040\000l\036\267\000p\000.}{chapter.2}% 14
\BOOKMARK [1][-]{section.2.4}{\376\377\000P\000h\001\260\001\241\000n\000g\000\040\000p\000h\000\341\000p\000\040\000N\000e\000w\000t\000o\000n\000.}{chapter.2}% 15
\BOOKMARK [0][-]{chapter.3}{\376\377\000H\036\306\000\040\000P\000H\001\257\001\240\000N\000G\000\040\000T\000R\000\314\000N\000H\000\040\000T\000U\000Y\036\276\000N\000\040\000T\000\315\000N\000H}{}% 16
\BOOKMARK [1][-]{section.3.1}{\376\377\000P\000h\001\260\001\241\000n\000g\000\040\000p\000h\000\341\000p\000\040\000n\000h\000\342\000n\000\040\000t\036\355\000\040\000L\000U\000.}{chapter.3}% 17
\BOOKMARK [2][-]{subsection.3.1.1}{\376\377\000N\000h\036\357\000n\000g\000\040\000k\000h\000\341\000i\000\040\000n\000i\036\307\000m\000\040\000c\001\241\000\040\000b\036\243\000n\000.}{section.3.1}% 18
\BOOKMARK [2][-]{subsection.3.1.2}{\376\377\000N\036\331\000i\000\040\000d\000u\000n\000g\000\040\000p\000h\001\260\001\241\000n\000g\000\040\000p\000h\000\341\000p\000.}{section.3.1}% 19
\BOOKMARK [1][-]{section.3.2}{\376\377\000P\000h\001\260\001\241\000n\000g\000\040\000p\000h\000\341\000p\000\040\000C\000h\000o\000l\000e\000s\000k\000i\000.}{chapter.3}% 20
\BOOKMARK [1][-]{section.3.3}{\376\377\000C\000h\000u\036\251\000n\000\040\000c\036\347\000a\000\040\000v\000e\000c\000t\000o\000r\000,\000\040\000c\000h\000u\036\251\000n\000\040\000c\036\347\000a\000\040\000m\000a\000\040\000t\000r\036\255\000n\000.}{chapter.3}% 21
\BOOKMARK [2][-]{subsection.3.3.1}{\376\377\000C\000h\000u\036\251\000n\000\040\000c\036\347\000a\000\040\000v\000e\000c\000t\000o\000r\000.}{section.3.3}% 22
\BOOKMARK [2][-]{subsection.3.3.2}{\376\377\000C\000h\000u\036\251\000n\000\040\000c\036\347\000a\000\040\000m\000a\000\040\000t\000r\036\255\000n\000.}{section.3.3}% 23
\BOOKMARK [1][-]{section.3.4}{\376\377\000N\000h\036\357\000n\000g\000\040\000p\000h\001\260\001\241\000n\000g\000\040\000p\000h\000\341\000p\000\040\000l\036\267\000p\000.}{chapter.3}% 24
\BOOKMARK [2][-]{subsection.3.4.1}{\376\377\000P\000h\001\260\001\241\000n\000g\000\040\000p\000h\000\341\000p\000\040\000l\036\267\000p\000\040\000J\000a\000c\000o\000b\000i\000.}{section.3.4}% 25
\BOOKMARK [2][-]{subsection.3.4.2}{\376\377\000P\000h\001\260\001\241\000n\000g\000\040\000p\000h\000\341\000p\000\040\000l\036\267\000p\000\040\000G\000a\000u\000s\000s\000-\000S\000e\000i\000d\000e\000l\000.}{section.3.4}% 26
\BOOKMARK [0][-]{chapter.4}{\376\377\000N\036\330\000I\000\040\000S\000U\000Y\000\040\000V\000\300\000\040\000X\036\244\000P\000\040\000X\036\310\000\040\000H\000\300\000M}{}% 27
\BOOKMARK [1][-]{section.4.1}{\376\377\001\020\000a\000\040\000t\000h\036\351\000c\000\040\000n\036\331\000i\000\040\000s\000u\000y\000\040\000L\000a\000r\000a\000n\000g\000e\000.}{chapter.4}% 28
\BOOKMARK [1][-]{section.4.2}{\376\377\001\020\000a\000\040\000t\000h\036\351\000c\000\040\000n\036\331\000i\000\040\000s\000u\000y\000\040\000N\000e\000w\000t\000o\000n\000.}{chapter.4}% 29
\BOOKMARK [2][-]{subsection.4.2.1}{\376\377\000T\036\311\000\040\000s\000a\000i\000\040\000p\000h\000\342\000n\000.}{section.4.2}% 30
\BOOKMARK [2][-]{subsection.4.2.2}{\376\377\000C\000\364\000n\000g\000\040\000t\000h\036\351\000c\000\040\000c\036\347\000a\000\040\001\021\000a\000\040\000t\000h\036\351\000c\000\040\000n\036\331\000i\000\040\000s\000u\000y\000\040\000N\000e\000w\000t\000o\000n\000.}{section.4.2}% 31
\BOOKMARK [1][-]{section.4.3}{\376\377\000S\000p\000l\000i\000n\000e\000\040\000b\036\255\000c\000\040\0003\000.}{chapter.4}% 32
\BOOKMARK [2][-]{subsection.4.3.1}{\376\377\000S\000p\000l\000i\000n\000e\000\040\000t\036\361\000\040\000n\000h\000i\000\352\000n\000.}{section.4.3}% 33
\BOOKMARK [2][-]{subsection.4.3.2}{\376\377\000S\000p\000l\000i\000n\000e\000\040\000r\000\340\000n\000g\000\040\000b\000u\036\331\000c\000.}{section.4.3}% 34
\BOOKMARK [1][-]{section.4.4}{\376\377\000P\000h\001\260\001\241\000n\000g\000\040\000p\000h\000\341\000p\000\040\000b\000\354\000n\000h\000\040\000p\000h\001\260\001\241\000n\000g\000\040\000b\000\351\000\040\000n\000h\036\245\000t\000\040\000\050\000X\036\245\000p\000\040\000x\036\311\000\040\000h\000\340\000m\000\040\000t\000h\036\361\000c\000\040\000n\000g\000h\000i\036\307\000m\000\051\000.}{chapter.4}% 35
\BOOKMARK [0][-]{chapter.5}{\376\377\001\020\036\240\000O\000\040\000H\000\300\000M\000\040\000V\000\300\000\040\000T\000\315\000C\000H\000\040\000P\000H\000\302\000N}{}% 36
\BOOKMARK [1][-]{section.5.1}{\376\377\000T\000\355\000n\000h\000\040\000g\036\247\000n\000\040\001\021\000\372\000n\000g\000\040\001\021\036\241\000o\000\040\000h\000\340\000m\000.}{chapter.5}% 37
\BOOKMARK [1][-]{section.5.2}{\376\377\000T\000\355\000n\000h\000\040\000g\036\247\000n\000\040\001\021\000\372\000n\000g\000\040\000t\000\355\000c\000h\000\040\000p\000h\000\342\000n\000\040\000x\000\341\000c\000\040\001\021\036\313\000n\000h\000.}{chapter.5}% 38
\BOOKMARK [2][-]{subsection.5.2.1}{\376\377\000C\000\364\000n\000g\000\040\000t\000h\036\351\000c\000\040\000h\000\354\000n\000h\000\040\000t\000h\000a\000n\000g\000\040\000m\036\337\000\040\000r\036\331\000n\000g\000:}{section.5.2}% 39
\BOOKMARK [2][-]{subsection.5.2.2}{\376\377\000C\000\364\000n\000g\000\040\000t\000h\036\351\000c\000\040\000S\000i\000m\000p\000s\000o\000n\000:}{section.5.2}% 40
\BOOKMARK [2][-]{subsection.5.2.3}{\376\377\000C\036\247\000u\000\040\000p\000h\001\260\001\241\000n\000g\000\040\000G\000a\000u\000s\000s\000:\000\040\000\050\000b\036\317\000\051}{section.5.2}% 41
\BOOKMARK [0][-]{chapter.6}{\376\377\000P\000H\001\257\001\240\000N\000G\000\040\000T\000R\000\314\000N\000H\000\040\000V\000I\000\040\000P\000H\000\302\000N}{}% 42
\BOOKMARK [1][-]{section.6.1}{\376\377\000P\000h\001\260\001\241\000n\000g\000\040\000p\000h\000\341\000p\000\040\000E\000u\000l\000e\000r\000.}{chapter.6}% 43
\BOOKMARK [1][-]{section.6.2}{\376\377\000P\000h\001\260\001\241\000n\000g\000\040\000p\000h\000\341\000p\000\040\000E\000u\000l\000e\000r\000\040\000c\036\243\000i\000\040\000t\000i\036\277\000n\000.}{chapter.6}% 44
\BOOKMARK [1][-]{section.6.3}{\376\377\000P\000h\001\260\001\241\000n\000g\000\040\000p\000h\000\341\000p\000\040\000R\000u\000n\000g\000e\000-\000K\000u\000t\000t\000a\000.}{chapter.6}% 45
\BOOKMARK [1][-]{section.6.4}{\376\377\000H\036\307\000\040\000p\000h\001\260\001\241\000n\000g\000\040\000t\000r\000\354\000n\000h\000\040\000v\000i\000\040\000p\000h\000\342\000n\000.}{chapter.6}% 46
\BOOKMARK [2][-]{subsection.6.4.1}{\376\377\000E\000u\000l\000e\000r\000.}{section.6.4}% 47
\BOOKMARK [2][-]{subsection.6.4.2}{\376\377\000E\000u\000l\000e\000r\000\040\000c\036\243\000i\000\040\000t\000i\036\277\000n\000.}{section.6.4}% 48
\BOOKMARK [1][-]{section.6.5}{\376\377\000P\000h\001\260\001\241\000n\000g\000\040\000t\000r\000\354\000n\000h\000\040\000v\000i\000\040\000p\000h\000\342\000n\000\040\000c\036\245\000p\000\040\000h\000a\000i\000.}{chapter.6}% 49
