\BOOKMARK [0][-]{part*.1}{\376\377\000B\036\243\000n\000g\000\040\000p\000h\000\342\000n\000\040\000c\000h\000i\000a\000\040\000c\000\364\000n\000g\000\040\000v\000i\036\307\000c}{}% 1
\BOOKMARK [1][-]{section.1}{\376\377\000P\000h\036\247\000n\000\040\000m\036\337\000\040\001\021\036\247\000u}{part*.1}% 2
\BOOKMARK [2][-]{subsection.1.1}{\376\377\000L\000\375\000\040\000d\000o\000\040\000c\000h\036\315\000n\000\040\001\021\036\301\000\040\000t\000\340\000i}{section.1}% 3
\BOOKMARK [2][-]{subsection.1.2}{\376\377\000M\036\345\000c\000\040\000t\000i\000\352\000u\000\040\000n\000g\000h\000i\000\352\000n\000\040\000c\036\351\000u}{section.1}% 4
\BOOKMARK [2][-]{subsection.1.3}{\376\377\000N\000h\000i\036\307\000m\000\040\000v\036\345\000\040\000n\000g\000h\000i\000\352\000n\000\040\000c\036\351\000u}{section.1}% 5
\BOOKMARK [2][-]{subsection.1.4}{\376\377\000P\000h\036\241\000m\000\040\000v\000i\000\040\000n\000g\000h\000i\000\352\000n\000\040\000c\036\351\000u}{section.1}% 6
\BOOKMARK [1][-]{section.2}{\376\377\000T\036\325\000n\000g\000\040\000q\000u\000a\000n\000\040\000d\036\357\000\040\000l\000i\036\307\000u}{part*.1}% 7
\BOOKMARK [1][-]{section.3}{\376\377\000K\000i\036\277\000n\000\040\000t\000h\036\351\000c\000\040\000n\036\301\000n}{part*.1}% 8
\BOOKMARK [2][-]{subsection.3.1}{\376\377\000T\000h\036\321\000n\000g\000\040\000k\000\352\000\040\000m\000\364\000\040\000t\036\243\000\040\000v\000\340\000\040\000t\000h\036\321\000n\000g\000\040\000k\000\352\000\040\000s\000u\000y\000\040\000d\000i\036\305\000n}{section.3}% 9
\BOOKMARK [3][-]{subsubsection.3.1.1}{\376\377\000T\000h\036\321\000n\000g\000\040\000k\000\352\000\040\000m\000\364\000\040\000t\036\243\000\040\000\050\000D\000e\000s\000c\000r\000i\000p\000t\000i\000v\000e\000\040\000s\000t\000a\000t\000i\000s\000t\000i\000c\000s\000\051}{subsection.3.1}% 10
\BOOKMARK [3][-]{subsubsection.3.1.2}{\376\377\000T\000h\036\321\000n\000g\000\040\000k\000\352\000\040\000s\000u\000y\000\040\000d\000i\036\305\000n\000\040\000\050\000I\000n\000f\000e\000r\000e\000n\000t\000i\000a\000l\000\040\000s\000t\000a\000t\000i\000s\000t\000i\000c\000s\000\051}{subsection.3.1}% 11
\BOOKMARK [2][-]{subsection.3.2}{\376\377\000B\000i\036\303\000u\000\040\001\021\036\323\000\040\000t\000h\036\321\000n\000g\000\040\000k\000\352}{section.3}% 12
\BOOKMARK [2][-]{subsection.3.3}{\376\377\000H\036\323\000i\000\040\000q\000u\000y\000\040\000t\000u\000y\036\277\000n\000\040\000t\000\355\000n\000h\000\040\000b\036\331\000i}{section.3}% 13
\BOOKMARK [3][-]{subsubsection.3.3.1}{\376\377\000H\000\340\000m\000\040\000h\036\323\000i\000\040\000q\000u\000y\000\040\000t\036\325\000n\000g\000\040\000t\000h\036\303\000\040\000\050\000P\000R\000F\000\040\000-\000\040\000P\000o\000p\000u\000l\000a\000t\000i\000o\000n\000\040\000R\000e\000g\000r\000e\000s\000s\000i\000o\000n\000\040\000F\000u\000n\000c\000t\000i\000o\000n\000\051}{subsection.3.3}% 14
\BOOKMARK [3][-]{subsubsection.3.3.2}{\376\377\000H\000\340\000m\000\040\000h\036\323\000i\000\040\000q\000u\000y\000\040\000m\036\253\000u\000\040\000\050\000S\000R\000F\000\040\000-\000\040\000S\000a\000m\000p\000l\000e\000\040\000R\000e\000g\000r\000e\000s\000s\000i\000o\000n\000\051\000\040\000F\000u\000n\000c\000t\000i\000o\000n}{subsection.3.3}% 15
\BOOKMARK [3][-]{subsubsection.3.3.3}{\376\377\000P\000h\001\260\001\241\000n\000g\000\040\000p\000h\000\341\000p\000\040\000b\000\354\000n\000h\000\040\000p\000h\001\260\001\241\000n\000g\000\040\000n\000h\036\317\000\040\000n\000h\036\245\000t}{subsection.3.3}% 16
\BOOKMARK [3][-]{subsubsection.3.3.4}{\376\377\001\020\036\331\000\040\000p\000h\000\371\000\040\000h\036\343\000p\000\040\000c\036\347\000a\000\040\000m\000\364\000\040\000h\000\354\000n\000h}{subsection.3.3}% 17
\BOOKMARK [3][-]{subsubsection.3.3.5}{\376\377\000K\000h\000o\036\243\000n\000g\000\040\000t\000i\000n\000\040\000c\036\255\000y\000\040\000v\000\340\000\040\000k\000i\036\303\000m\000\040\001\021\036\313\000n\000h\000\040\000c\000\341\000c\000\040\000h\036\307\000\040\000s\036\321\000\040\000h\036\323\000i\000\040\000q\000u\000y}{subsection.3.3}% 18
\BOOKMARK [3][-]{subsubsection.3.3.6}{\376\377\000K\000i\036\303\000m\000\040\001\021\036\313\000n\000h\000\040\000m\036\351\000c\000\040\001\021\036\331\000\040\000\375\000\040\000n\000g\000h\001\051\000a\000\040\000c\000h\000u\000n\000g\000\040\000c\036\347\000a\000\040\000m\000\364\000\040\000h\000\354\000n\000h\000\040\000\050\000T\000r\001\260\036\335\000n\000g\000\040\000h\036\343\000p\000\040\001\021\036\267\000c\000\040\000b\000i\036\307\000t\000\040\000c\036\347\000a\000\040\000k\000i\036\303\000m\000\040\001\021\036\313\000n\000h\000\040\000W\000A\000L\000D\000\051}{subsection.3.3}% 19
\BOOKMARK [2][-]{subsection.3.4}{\376\377\000P\000h\000\342\000n\000\040\000t\000\355\000c\000h\000\040\000p\000h\001\260\001\241\000n\000g\000\040\000s\000a\000i\000\040\000m\036\331\000t\000\040\000y\036\277\000u\000\040\000t\036\321}{section.3}% 20
\BOOKMARK [3][-]{subsubsection.3.4.1}{\376\377\000L\000\355\000\040\000t\000h\000u\000y\036\277\000t\000\040\000v\036\301\000\040\000A\000N\000O\000V\000A\000\040\000\050\000P\000h\000\342\000n\000\040\000t\000\355\000c\000h\000\040\000p\000h\001\260\001\241\000n\000g\000\040\000s\000a\000i\000\051}{subsection.3.4}% 21
\BOOKMARK [3][-]{subsubsection.3.4.2}{\376\377\000P\000h\000\342\000n\000\040\000t\000\355\000c\000h\000\040\000p\000h\001\260\001\241\000n\000g\000\040\000s\000a\000i\000\040\000m\036\331\000t\000\040\000y\036\277\000u\000\040\000t\036\321}{subsection.3.4}% 22
\BOOKMARK [1][-]{section.4}{\376\377\000T\000i\036\301\000n\000\040\000x\036\355\000\040\000l\000\375\000\040\000s\036\321\000\040\000l\000i\036\307\000u}{part*.1}% 23
\BOOKMARK [2][-]{subsection.4.1}{\376\377\001\020\036\315\000c\000\040\000d\036\357\000\040\000l\000i\036\307\000u}{section.4}% 24
\BOOKMARK [2][-]{subsection.4.2}{\376\377\000L\000\340\000m\000\040\000s\036\241\000c\000h\000\040\000d\036\357\000\040\000l\000i\036\307\000u}{section.4}% 25
\BOOKMARK [1][-]{section.5}{\376\377\000T\000h\036\321\000n\000g\000\040\000k\000\352\000\040\000m\000\364\000\040\000t\036\243}{part*.1}% 26
\BOOKMARK [2][-]{subsection.5.1}{\376\377\000T\000h\036\321\000n\000g\000\040\000k\000\352\000\040\000m\000\364\000\040\000t\036\243\000\040\000c\000h\000o\000\040\000c\000\341\000c\000\040\000b\000i\036\277\000n\000\040\001\021\036\313\000n\000h\000\040\000l\001\260\036\343\000n\000g}{section.5}% 27
\BOOKMARK [2][-]{subsection.5.2}{\376\377\000T\000h\036\321\000n\000g\000\040\000k\000\352\000\040\000s\036\321\000\040\000l\001\260\036\343\000n\000g\000\040\000c\000h\000o\000\040\000c\000\341\000c\000\040\000b\000i\036\277\000n\000\040\000p\000h\000\342\000n\000\040\000l\000o\036\241\000i}{section.5}% 28
\BOOKMARK [2][-]{subsection.5.3}{\376\377\000M\000\364\000\040\000t\036\243\000\040\000d\036\357\000\040\000l\000i\036\307\000u\000\040\000b\036\261\000n\000g\000\040\001\021\036\323\000\040\000t\000h\036\313}{section.5}% 29
\BOOKMARK [3][-]{subsubsection.5.3.1}{\376\377\001\020\036\323\000\040\000t\000h\036\313\000\040\000H\000i\000s\000t\000o\000g\000r\000a\000m}{subsection.5.3}% 30
\BOOKMARK [3][-]{subsubsection.5.3.2}{\376\377\001\020\036\323\000\040\000t\000h\036\313\000\040\000B\000o\000x\000p\000l\000o\000t}{subsection.5.3}% 31
\BOOKMARK [3][-]{subsubsection.5.3.3}{\376\377\001\020\036\323\000\040\000t\000h\036\313\000\040\000S\000c\000a\000t\000t\000e\000r\000/\000P\000l\000o\000t}{subsection.5.3}% 32
\BOOKMARK [1][-]{section.6}{\376\377\000T\000h\036\321\000n\000g\000\040\000k\000\352\000\040\000s\000u\000y\000\040\000d\000i\036\305\000n}{part*.1}% 33
\BOOKMARK [2][-]{subsection.6.1}{\376\377\000A\000n\000o\000v\000a\000\040\000m\036\331\000t\000\040\000n\000h\000\342\000n\000\040\000t\036\321\000:\000\040\000S\000o\000\040\000s\000\341\000n\000h\000\040\000t\036\325\000n\000g\000\040\000c\000h\000i\000\040\000p\000h\000\355\000\040\001\021\036\267\000t\000\040\000h\000\340\000n\000g\000\040\000t\000h\000e\000o\000\040\000m\000\371\000a}{section.6}% 34
\BOOKMARK [2][-]{subsection.6.2}{\376\377\000H\036\323\000i\000\040\000q\000u\000y\000\040\001\021\000a\000\040\000b\000i\036\277\000n\000:\000\040\000P\000h\000\342\000n\000\040\000t\000\355\000c\000h\000\040\000c\000\341\000c\000\040\000y\036\277\000u\000\040\000t\036\321\000\040\000d\036\361\000\040\000b\000\341\000o\000\040\000t\036\325\000n\000g\000\040\000c\000h\000i\000\040\000p\000h\000\355\000\040\001\021\036\267\000t\000\040\000h\000\340\000n\000g\000\040\000p\000h\036\345\000\040\000t\000h\000u\036\331\000c\000\040\000v\000\340\000o\000\040\000n\000h\036\357\000n\000g\000\040\000b\000i\036\277\000n\000\040\000n\000\340\000o}{section.6}% 35
\BOOKMARK [1][-]{section.7}{\376\377\000T\000h\036\243\000o\000\040\000l\000u\036\255\000n}{part*.1}% 36
\BOOKMARK [1][-]{section.8}{\376\377\000\040\000N\000g\000u\036\323\000n\000\040\000d\036\357\000\040\000l\000i\036\307\000u\000\040\000v\000\340\000\040\000n\000g\000u\036\323\000n\000\040\000c\000o\000d\000e}{part*.1}% 37
\BOOKMARK [0][-]{part*.48}{\376\377\000T\000\340\000i\000\040\000l\000i\036\307\000u\000\040\000t\000h\000a\000m\000\040\000k\000h\036\243\000o}{}% 38
